<?xml version="1.0" encoding="UTF-8"?>
<robot generator="Robot 6.1.1 (Python 3.13.2 on darwin)" generated="20250618 21:34:05.706" rpa="false" schemaversion="4">
<suite id="s1" name="Login" source="/Users/victoriaregina/Desktop/Projects/qazando-appium-robot-framework/e2e-tests/iOS/login.robot">
<test id="s1-t1" name="Display error message by trying log in with wrong credentials" line="8">
<kw name="Open iOS Test Application" library="login">
<kw name="Open Application" library="AppiumLibrary">
<arg>http://localhost:4723</arg>
<arg>automationName=XCUITest</arg>
<arg>platformName=iOS</arg>
<arg>deviceName=iPhone 13 Pro</arg>
<arg>app=${EXECDIR}/apps/qazandoqafood.app</arg>
<arg>udid=B9FF531D-3FB4-4FDC-A103-306C1928A863</arg>
<doc>Opens a new application to given Appium server.
Capabilities of appium server, Android and iOS,
Please check https://github.com/appium/appium/blob/master/docs/en/writing-running-appium/server-args.md
| *Option*            | *Man.* | *Description*     |
| remote_url          | Yes    | Appium server url |
| alias               | no     | alias             |
| strict_ssl          | No     | allows you to send commands to an invalid certificate host like a self-signed one. |</doc>
<status status="PASS" starttime="20250618 21:34:05.790" endtime="20250618 21:34:17.302"/>
</kw>
<status status="PASS" starttime="20250618 21:34:05.790" endtime="20250618 21:34:17.302"/>
</kw>
<kw name="Sleep" library="BuiltIn">
<arg>3s</arg>
<doc>Pauses the test executed for the given time.</doc>
<msg timestamp="20250618 21:34:20.304" level="INFO">Slept 3 seconds</msg>
<status status="PASS" starttime="20250618 21:34:17.303" endtime="20250618 21:34:20.304"/>
</kw>
<kw name="Login with wrong credentials" library="login">
<arg>${PLATFORM_NAME}</arg>
<if>
<branch type="IF" condition="&quot;${PLATFORM_NAME}&quot; == &quot;Android&quot;">
<kw name="Input Text" library="AppiumLibrary">
<arg>${AND_EMAIL}</arg>
<arg>vic.regina@gmail.com</arg>
<doc>Types the given `text` into text field identified by `locator`.</doc>
<status status="NOT RUN" starttime="20250618 21:34:20.305" endtime="20250618 21:34:20.305"/>
</kw>
<kw name="Input Text" library="AppiumLibrary">
<arg>${AND_PASSWORD}</arg>
<arg>298832</arg>
<doc>Types the given `text` into text field identified by `locator`.</doc>
<status status="NOT RUN" starttime="20250618 21:34:20.305" endtime="20250618 21:34:20.305"/>
</kw>
<status status="NOT RUN" starttime="20250618 21:34:20.305" endtime="20250618 21:34:20.305"/>
</branch>
<branch type="ELSE">
<kw name="Input Text" library="AppiumLibrary">
<arg>${IOS_EMAIL}</arg>
<arg>vic.regina@gmail.com</arg>
<doc>Types the given `text` into text field identified by `locator`.</doc>
<msg timestamp="20250618 21:34:20.307" level="INFO">Typing text 'vic.regina@gmail.com' into text field 'name=email'</msg>
<status status="PASS" starttime="20250618 21:34:20.305" endtime="20250618 21:34:21.655"/>
</kw>
<kw name="Input Text" library="AppiumLibrary">
<arg>${IOS_PASSWORD}</arg>
<arg>298832</arg>
<doc>Types the given `text` into text field identified by `locator`.</doc>
<msg timestamp="20250618 21:34:21.657" level="INFO">Typing text '298832' into text field 'name=password'</msg>
<status status="PASS" starttime="20250618 21:34:21.655" endtime="20250618 21:34:22.284"/>
</kw>
<status status="PASS" starttime="20250618 21:34:20.305" endtime="20250618 21:34:22.284"/>
</branch>
<status status="PASS" starttime="20250618 21:34:20.305" endtime="20250618 21:34:22.284"/>
</if>
<kw name="Click Element" library="AppiumLibrary">
<arg>${LOGIN_BUTTON}</arg>
<doc>Click element identified by `locator`.</doc>
<msg timestamp="20250618 21:34:22.286" level="INFO">Clicking element 'accessibility_id=login-button'.</msg>
<status status="PASS" starttime="20250618 21:34:22.285" endtime="20250618 21:34:22.535"/>
</kw>
<status status="PASS" starttime="20250618 21:34:20.304" endtime="20250618 21:34:22.535"/>
</kw>
<kw name="Element Should Be Visible" library="AppiumLibrary">
<arg>accessibility_id=Erro ao realizar login</arg>
<doc>Verifies that element identified with locator is visible.</doc>
<status status="PASS" starttime="20250618 21:34:22.535" endtime="20250618 21:34:22.652"/>
</kw>
<status status="PASS" starttime="20250618 21:34:05.789" endtime="20250618 21:34:22.652"/>
</test>
<test id="s1-t2" name="Display restaurant search bar after successfull login" line="14">
<kw name="Open iOS Test Application" library="login">
<kw name="Open Application" library="AppiumLibrary">
<arg>http://localhost:4723</arg>
<arg>automationName=XCUITest</arg>
<arg>platformName=iOS</arg>
<arg>deviceName=iPhone 13 Pro</arg>
<arg>app=${EXECDIR}/apps/qazandoqafood.app</arg>
<arg>udid=B9FF531D-3FB4-4FDC-A103-306C1928A863</arg>
<doc>Opens a new application to given Appium server.
Capabilities of appium server, Android and iOS,
Please check https://github.com/appium/appium/blob/master/docs/en/writing-running-appium/server-args.md
| *Option*            | *Man.* | *Description*     |
| remote_url          | Yes    | Appium server url |
| alias               | no     | alias             |
| strict_ssl          | No     | allows you to send commands to an invalid certificate host like a self-signed one. |</doc>
<status status="PASS" starttime="20250618 21:34:22.653" endtime="20250618 21:34:27.185"/>
</kw>
<status status="PASS" starttime="20250618 21:34:22.653" endtime="20250618 21:34:27.185"/>
</kw>
<kw name="Sleep" library="BuiltIn">
<arg>3s</arg>
<doc>Pauses the test executed for the given time.</doc>
<msg timestamp="20250618 21:34:30.186" level="INFO">Slept 3 seconds</msg>
<status status="PASS" starttime="20250618 21:34:27.185" endtime="20250618 21:34:30.186"/>
</kw>
<kw name="Login with right credentials" library="login">
<arg>${PLATFORM_NAME}</arg>
<if>
<branch type="IF" condition="&quot;${PLATFORM_NAME}&quot; == &quot;Android&quot;">
<kw name="Input Text" library="AppiumLibrary">
<arg>${AND_EMAIL}</arg>
<arg>teste@teste.com</arg>
<doc>Types the given `text` into text field identified by `locator`.</doc>
<status status="NOT RUN" starttime="20250618 21:34:30.188" endtime="20250618 21:34:30.188"/>
</kw>
<kw name="Input Text" library="AppiumLibrary">
<arg>${AND_PASSWORD}</arg>
<arg>123456</arg>
<doc>Types the given `text` into text field identified by `locator`.</doc>
<status status="NOT RUN" starttime="20250618 21:34:30.188" endtime="20250618 21:34:30.189"/>
</kw>
<status status="NOT RUN" starttime="20250618 21:34:30.188" endtime="20250618 21:34:30.189"/>
</branch>
<branch type="ELSE">
<kw name="Input Text" library="AppiumLibrary">
<arg>${IOS_EMAIL}</arg>
<arg>teste@teste.com</arg>
<doc>Types the given `text` into text field identified by `locator`.</doc>
<msg timestamp="20250618 21:34:30.191" level="INFO">Typing text 'teste@teste.com' into text field 'name=email'</msg>
<status status="PASS" starttime="20250618 21:34:30.189" endtime="20250618 21:34:31.207"/>
</kw>
<kw name="Input Text" library="AppiumLibrary">
<arg>${IOS_PASSWORD}</arg>
<arg>123456</arg>
<doc>Types the given `text` into text field identified by `locator`.</doc>
<msg timestamp="20250618 21:34:31.209" level="INFO">Typing text '123456' into text field 'name=password'</msg>
<status status="PASS" starttime="20250618 21:34:31.207" endtime="20250618 21:34:31.749"/>
</kw>
<status status="PASS" starttime="20250618 21:34:30.189" endtime="20250618 21:34:31.749"/>
</branch>
<status status="PASS" starttime="20250618 21:34:30.188" endtime="20250618 21:34:31.749"/>
</if>
<kw name="Click Element" library="AppiumLibrary">
<arg>${LOGIN_BUTTON}</arg>
<doc>Click element identified by `locator`.</doc>
<msg timestamp="20250618 21:34:31.750" level="INFO">Clicking element 'accessibility_id=login-button'.</msg>
<status status="PASS" starttime="20250618 21:34:31.749" endtime="20250618 21:34:31.984"/>
</kw>
<status status="PASS" starttime="20250618 21:34:30.187" endtime="20250618 21:34:31.984"/>
</kw>
<kw name="Sleep" library="BuiltIn">
<arg>3s</arg>
<doc>Pauses the test executed for the given time.</doc>
<msg timestamp="20250618 21:34:34.987" level="INFO">Slept 3 seconds</msg>
<status status="PASS" starttime="20250618 21:34:31.985" endtime="20250618 21:34:34.987"/>
</kw>
<kw name="Element Should Be Visible" library="AppiumLibrary">
<arg>name=search-field</arg>
<doc>Verifies that element identified with locator is visible.</doc>
<status status="PASS" starttime="20250618 21:34:34.988" endtime="20250618 21:34:35.252"/>
</kw>
<status status="PASS" starttime="20250618 21:34:22.652" endtime="20250618 21:34:35.252"/>
</test>
<status status="PASS" starttime="20250618 21:34:05.707" endtime="20250618 21:34:35.253"/>
</suite>
<statistics>
<total>
<stat pass="2" fail="0" skip="0">All Tests</stat>
</total>
<tag>
</tag>
<suite>
<stat pass="2" fail="0" skip="0" id="s1" name="Login">Login</stat>
</suite>
</statistics>
<errors>
</errors>
</robot>
