<?xml version="1.0" encoding="UTF-8"?>
<robot generator="Robot 6.1.1 (Python 3.13.2 on darwin)" generated="20250617 22:01:38.896" rpa="false" schemaversion="4">
<suite id="s1" name="Login" source="/Users/victoriaregina/Desktop/Projects/qazando-appium-robot-framework/e2e-tests/login.robot">
<test id="s1-t1" name="Log user in application successfully" line="20">
<kw name="Open Test Application">
<kw name="Open Application" library="AppiumLibrary">
<arg>http://localhost:4723</arg>
<arg>automationName=UiAutomator2</arg>
<arg>platformName=Android</arg>
<arg>deviceName=Pixel6Pro</arg>
<arg>app=${EXECDIR}/app/qazandofood.apk</arg>
<arg>udid=emulator-5554</arg>
<doc>Opens a new application to given Appium server.
Capabilities of appium server, Android and iOS,
Please check https://github.com/appium/appium/blob/master/docs/en/writing-running-appium/server-args.md
| *Option*            | *Man.* | *Description*     |
| remote_url          | Yes    | Appium server url |
| alias               | no     | alias             |
| strict_ssl          | No     | allows you to send commands to an invalid certificate host like a self-signed one. |</doc>
<status status="PASS" starttime="20250617 22:01:38.981" endtime="20250617 22:01:41.176"/>
</kw>
<status status="PASS" starttime="20250617 22:01:38.981" endtime="20250617 22:01:41.176"/>
</kw>
<kw name="Sleep" library="BuiltIn">
<arg>3s</arg>
<doc>Pauses the test executed for the given time.</doc>
<msg timestamp="20250617 22:01:44.177" level="INFO">Slept 3 seconds</msg>
<status status="PASS" starttime="20250617 22:01:41.176" endtime="20250617 22:01:44.177"/>
</kw>
<kw name="Login fields with valid values">
<kw name="Set Variable" library="BuiltIn">
<var>${email}</var>
<arg>accessibility_id=email</arg>
<doc>Returns the given values which can then be assigned to a variables.</doc>
<msg timestamp="20250617 22:01:44.178" level="INFO">${email} = accessibility_id=email</msg>
<status status="PASS" starttime="20250617 22:01:44.178" endtime="20250617 22:01:44.178"/>
</kw>
<kw name="Input Text" library="AppiumLibrary">
<arg>${email}</arg>
<arg>laura.regina@gmail.com</arg>
<doc>Types the given `text` into text field identified by `locator`.</doc>
<msg timestamp="20250617 22:01:44.179" level="INFO">Typing text 'laura.regina@gmail.com' into text field 'accessibility_id=email'</msg>
<status status="PASS" starttime="20250617 22:01:44.178" endtime="20250617 22:01:45.384"/>
</kw>
<kw name="Set Variable" library="BuiltIn">
<var>${password}</var>
<arg>accessibility_id=password</arg>
<doc>Returns the given values which can then be assigned to a variables.</doc>
<msg timestamp="20250617 22:01:45.385" level="INFO">${password} = accessibility_id=password</msg>
<status status="PASS" starttime="20250617 22:01:45.384" endtime="20250617 22:01:45.385"/>
</kw>
<kw name="Input Text" library="AppiumLibrary">
<arg>${password}</arg>
<arg>298832</arg>
<doc>Types the given `text` into text field identified by `locator`.</doc>
<msg timestamp="20250617 22:01:45.387" level="INFO">Typing text '298832' into text field 'accessibility_id=password'</msg>
<status status="PASS" starttime="20250617 22:01:45.385" endtime="20250617 22:01:45.937"/>
</kw>
<status status="PASS" starttime="20250617 22:01:44.178" endtime="20250617 22:01:45.938"/>
</kw>
<kw name="Click Element" library="AppiumLibrary">
<arg>accessibility_id=login-button</arg>
<doc>Click element identified by `locator`.</doc>
<msg timestamp="20250617 22:01:45.941" level="INFO">Clicking element 'accessibility_id=login-button'.</msg>
<status status="PASS" starttime="20250617 22:01:45.938" endtime="20250617 22:01:46.535"/>
</kw>
<kw name="Element Should Be Visible" library="AppiumLibrary">
<arg>android=UiSelector().text("Erro ao realizar login")</arg>
<doc>Verifies that element identified with locator is visible.</doc>
<status status="PASS" starttime="20250617 22:01:46.536" endtime="20250617 22:01:47.229"/>
</kw>
<status status="PASS" starttime="20250617 22:01:38.981" endtime="20250617 22:01:47.230"/>
</test>
<status status="PASS" starttime="20250617 22:01:38.897" endtime="20250617 22:01:47.231"/>
</suite>
<statistics>
<total>
<stat pass="1" fail="0" skip="0">All Tests</stat>
</total>
<tag>
</tag>
<suite>
<stat pass="1" fail="0" skip="0" id="s1" name="Login">Login</stat>
</suite>
</statistics>
<errors>
</errors>
</robot>
